<?xml version="1.0" encoding="UTF-8"?>
<!-- Generated by org.testng.reporters.JUnitXMLReporter -->
<testsuite ignored="6" hostname="DESKTOP-FH0MTAT" failures="1" tests="16" name="Test" time="21.827" errors="0" timestamp="2023-06-29T15:34:30 IST">
  <testcase classname="com.QaLegandProject.Base.TestBase" name="@AfterMethod takeScreenShotOnFailure" time="0.003">
    <failure type="java.lang.IllegalArgumentException" message="Cannot format given Object as a Date">
      <![CDATA[java.lang.IllegalArgumentException: Cannot format given Object as a Date
at java.base/java.text.DateFormat.format(DateFormat.java:342)
at java.base/java.text.Format.format(Format.java:159)
at com.QaLegandProject.Base.TestBase.takeScreenShotOnFailure(TestBase.java:65)
at com.QaLegandProject.Base.TestBase.takeScreenShotOnFailure(TestBase.java:60)
at java.base/java.util.ArrayList.forEach(ArrayList.java:1511)
... Removed 30 stack frames]]>
    </failure>
  </testcase> <!-- @AfterMethod takeScreenShotOnFailure -->
  <testcase classname="com.QaLegandProject.Base.TestBase" name="@AfterTest afterTest" time="0.0">
    <skipped/>
  </testcase> <!-- @AfterTest afterTest -->
  <testcase classname="com.QaLegandProject.scripts.LoginTest" name="verifySignInvalidUserinvalidPassword" time="0.587"/>
  <testcase classname="com.QaLegandProject.scripts.LoginTest" name="verifySignIninvalidUservalidPassword" time="0.801"/>
  <testcase classname="com.QaLegandProject.scripts.LoginTest" name="verifySignIninvalidUserinvalidPassword" time="0.506"/>
  <testcase classname="com.QaLegandProject.scripts.LoginTest" name="verifySignInvalidUservalidPassword" time="1.636"/>
  <testcase classname="com.QaLegandProject.scripts.HomeTest" name="verifyingClientMoreInfoButton" time="2.237"/>
  <testcase classname="com.QaLegandProject.scripts.CustomerTest" name="verifyingShowEntries" time="0.136"/>
  <testcase classname="com.QaLegandProject.scripts.CustomerTest" name="deleteselectedrow" time="0.901"/>
  <testcase classname="com.QaLegandProject.scripts.CustomerTest" name="verifyingClientAddition" time="0.358"/>
  <testcase classname="com.QaLegandProject.scripts.CustomerTest" name="verifyingPageNavigation" time="0.528"/>
  <testcase classname="com.QaLegandProject.scripts.CustomerTest" name="checkcalender" time="0.105"/>
  <testcase classname="com.QaLegandProject.scripts.CustomerTest" name="verifyingpictureUpload" time="1.71">
    <skipped/>
  </testcase> <!-- verifyingpictureUpload -->
  <testcase classname="com.QaLegandProject.scripts.CustomerTest" name="verifyingpictureUpload" time="1.613">
    <skipped/>
  </testcase> <!-- verifyingpictureUpload -->
  <testcase classname="com.QaLegandProject.scripts.CustomerTest" name="verifyingpictureUpload" time="1.645">
    <skipped/>
  </testcase> <!-- verifyingpictureUpload -->
  <testcase classname="com.QaLegandProject.scripts.CustomerTest" name="verifyingpictureUpload" time="1.614">
    <skipped/>
  </testcase> <!-- verifyingpictureUpload -->
  <testcase classname="com.QaLegandProject.scripts.CustomerTest" name="verifyingpictureUpload" time="1.68">
    <skipped/>
  </testcase> <!-- verifyingpictureUpload -->
  <testcase classname="com.QaLegandProject.scripts.CustomerTest" name="verifyingpictureUpload" time="1.565">
    <failure type="java.lang.AssertionError" message="expected [true] but found [false]">
      <![CDATA[java.lang.AssertionError: expected [true] but found [false]
at com.QaLegandProject.scripts.CustomerTest.verifyingpictureUpload(CustomerTest.java:81)
at java.base/java.util.ArrayList.forEach(ArrayList.java:1511)
... Removed 29 stack frames]]>
    </failure>
  </testcase> <!-- verifyingpictureUpload -->
  <testcase classname="com.QaLegandProject.Base.TestBase" name="@BeforeTest beforeTest" time="0.0">
    <ignored/>
  </testcase> <!-- @BeforeTest beforeTest -->
  <testcase classname="com.QaLegandProject.Base.TestBase" name="@AfterTest afterTest" time="0.0">
    <ignored/>
  </testcase> <!-- @AfterTest afterTest -->
  <testcase classname="com.QaLegandProject.Base.TestBase" name="@BeforeTest beforeTest" time="0.0">
    <ignored/>
  </testcase> <!-- @BeforeTest beforeTest -->
  <testcase classname="com.QaLegandProject.Base.TestBase" name="@BeforeTest beforeTest" time="0.0">
    <ignored/>
  </testcase> <!-- @BeforeTest beforeTest -->
  <testcase classname="com.QaLegandProject.Base.TestBase" name="@AfterTest afterTest" time="0.0">
    <ignored/>
  </testcase> <!-- @AfterTest afterTest -->
  <testcase classname="com.QaLegandProject.Base.TestBase" name="@AfterTest afterTest" time="0.0">
    <ignored/>
  </testcase> <!-- @AfterTest afterTest -->
</testsuite> <!-- Test -->
