<!DOCTYPE html PUBLIC "-//W3C//DTD XHTML 1.1//EN" "https://www.w3.org/TR/xhtml11/DTD/xhtml11.dtd">
<html xmlns="https://www.w3.org/1999/xhtml">
<head>
<meta http-equiv="content-type" content="text/html; charset=UTF-8"/>
<title>TestNG Report</title>
<style type="text/css">table {margin-bottom:10px;border-collapse:collapse;empty-cells:show}th,td {border:1px solid #009;padding:.25em .5em}th {vertical-align:bottom}td {vertical-align:top}table a {font-weight:bold}.stripe td {background-color: #E6EBF9}.num {text-align:right}.passedodd td {background-color: #3F3}.passedeven td {background-color: #0A0}.skippedodd td {background-color: #DDD}.skippedeven td {background-color: #CCC}.failedodd td,.attn {background-color: #F33}.failedeven td,.stripe .attn {background-color: #D00}.stacktrace {white-space:pre;font-family:monospace}.totop {font-size:85%;text-align:center;border-bottom:2px solid #000}.invisible {display:none}</style>
</head>
<body>
<table>
<tr><th>Test</th><th># Passed</th><th># Skipped</th><th># Retried</th><th># Failed</th><th>Time (ms)</th><th>Included Groups</th><th>Excluded Groups</th></tr>
<tr><th colspan="8">Suite</th></tr>
<tr><td><a href="#t0">Test</a></td><td class="num">10</td><td class="num">0</td><td class="num attn">5</td><td class="num attn">1</td><td class="num">21,827</td><td></td><td></td></tr>
</table>
<table id='summary'><thead><tr><th>Class</th><th>Method</th><th>Start</th><th>Time (ms)</th></tr></thead><tbody><tr><th colspan="4">Suite</th></tr></tbody><tbody id="t0"><tr><th colspan="4">Test &#8212; failed (configuration methods)</th></tr><tr class="failedeven"><td rowspan="1">com.QaLegandProject.scripts.CustomerTest</td><td><a href="#m0">takeScreenShotOnFailure</a></td><td rowspan="1">1688033069959</td><td rowspan="1">3</td></tr><tr><th colspan="4">Test &#8212; failed</th></tr><tr class="failedeven"><td rowspan="1">com.QaLegandProject.scripts.CustomerTest</td><td><a href="#m1">verifyingpictureUpload</a></td><td rowspan="1">1688033068392</td><td rowspan="1">1565</td></tr><tr><th colspan="4">Test &#8212; skipped (configuration methods)</th></tr><tr class="skippedeven"><td rowspan="1">com.QaLegandProject.Base.TestBase</td><td><a href="#m2">afterTest</a></td><td rowspan="1">1688033069965</td><td rowspan="1">0</td></tr><tr><th colspan="4">Test &#8212; retried</th></tr><tr class="retriedeven"><td rowspan="5">com.QaLegandProject.scripts.CustomerTest</td><td><a href="#m3">verifyingpictureUpload</a></td><td rowspan="5">1688033065091</td><td rowspan="5">1614</td></tr><tr class="retriedeven"><td><a href="#m4">verifyingpictureUpload</a></td></tr><tr class="retriedeven"><td><a href="#m5">verifyingpictureUpload</a></td></tr><tr class="retriedeven"><td><a href="#m6">verifyingpictureUpload</a></td></tr><tr class="retriedeven"><td><a href="#m7">verifyingpictureUpload</a></td></tr><tr><th colspan="4">Test &#8212; passed</th></tr><tr class="passedeven"><td rowspan="5">com.QaLegandProject.scripts.CustomerTest</td><td><a href="#m8">checkcalender</a></td><td rowspan="1">1688033060007</td><td rowspan="1">105</td></tr><tr class="passedeven"><td><a href="#m9">deleteselectedrow</a></td><td rowspan="1">1688033058207</td><td rowspan="1">901</td></tr><tr class="passedeven"><td><a href="#m10">verifyingClientAddition</a></td><td rowspan="1">1688033059112</td><td rowspan="1">358</td></tr><tr class="passedeven"><td><a href="#m11">verifyingPageNavigation</a></td><td rowspan="1">1688033059475</td><td rowspan="1">528</td></tr><tr class="passedeven"><td><a href="#m12">verifyingShowEntries</a></td><td rowspan="1">1688033058068</td><td rowspan="1">136</td></tr><tr class="passedodd"><td rowspan="1">com.QaLegandProject.scripts.HomeTest</td><td><a href="#m13">verifyingClientMoreInfoButton</a></td><td rowspan="1">1688033055826</td><td rowspan="1">2237</td></tr><tr class="passedeven"><td rowspan="4">com.QaLegandProject.scripts.LoginTest</td><td><a href="#m14">verifySignIninvalidUserinvalidPassword</a></td><td rowspan="1">1688033053641</td><td rowspan="1">506</td></tr><tr class="passedeven"><td><a href="#m15">verifySignIninvalidUservalidPassword</a></td><td rowspan="1">1688033052785</td><td rowspan="1">801</td></tr><tr class="passedeven"><td><a href="#m16">verifySignInvalidUserinvalidPassword</a></td><td rowspan="1">1688033052130</td><td rowspan="1">587</td></tr><tr class="passedeven"><td><a href="#m17">verifySignInvalidUservalidPassword</a></td><td rowspan="1">1688033054186</td><td rowspan="1">1636</td></tr></tbody>
</table>
<h2>Test</h2><h3 id="m0">com.QaLegandProject.scripts.CustomerTest#takeScreenShotOnFailure</h3><table class="result"><tr class="param"><th>Parameter #1</th></tr><tr class="param stripe"><td>[TestResult name=verifyingpictureUpload status=FAILURE method=CustomerTest.verifyingpictureUpload()[pri:11, instance:com.QaLegandProject.scripts.CustomerTest@b9b00e0] output={null}]</td></tr><tr><th>Exception</th></tr><tr><td><div class="stacktrace">java.lang.IllegalArgumentException: Cannot format given Object as a Date
	at java.base/java.text.DateFormat.format(DateFormat.java:342)
	at java.base/java.text.Format.format(Format.java:159)
	at com.QaLegandProject.Base.TestBase.takeScreenShotOnFailure(TestBase.java:65)
	at com.QaLegandProject.Base.TestBase.takeScreenShotOnFailure(TestBase.java:60)
	at java.base/java.util.ArrayList.forEach(ArrayList.java:1511)
... Removed 30 stack frames</div></td></tr></table><p class="totop"><a href="#summary">back to summary</a></p>
<h3 id="m1">com.QaLegandProject.scripts.CustomerTest#verifyingpictureUpload</h3><table class="result"><tr><th>Exception</th></tr><tr><td><div class="stacktrace">java.lang.AssertionError: expected [true] but found [false]
	at com.QaLegandProject.scripts.CustomerTest.verifyingpictureUpload(CustomerTest.java:81)
	at java.base/java.util.ArrayList.forEach(ArrayList.java:1511)
... Removed 29 stack frames</div></td></tr></table><p class="totop"><a href="#summary">back to summary</a></p>
<h3 id="m2">com.QaLegandProject.Base.TestBase#afterTest</h3><table class="result"><tr><th class="invisible"/></tr></table><p class="totop"><a href="#summary">back to summary</a></p>
<h3 id="m3">com.QaLegandProject.scripts.CustomerTest#verifyingpictureUpload</h3><table class="result"><tr><th>Exception</th></tr><tr><td><div class="stacktrace">java.lang.AssertionError: expected [true] but found [false]
	at com.QaLegandProject.scripts.CustomerTest.verifyingpictureUpload(CustomerTest.java:81)
	at java.base/java.util.ArrayList.forEach(ArrayList.java:1511)
... Removed 29 stack frames</div></td></tr></table><p class="totop"><a href="#summary">back to summary</a></p>
<h3 id="m4">com.QaLegandProject.scripts.CustomerTest#verifyingpictureUpload</h3><table class="result"><tr><th>Exception</th></tr><tr><td><div class="stacktrace">java.lang.AssertionError: expected [true] but found [false]
	at com.QaLegandProject.scripts.CustomerTest.verifyingpictureUpload(CustomerTest.java:81)
	at java.base/java.util.ArrayList.forEach(ArrayList.java:1511)
... Removed 29 stack frames</div></td></tr></table><p class="totop"><a href="#summary">back to summary</a></p>
<h3 id="m5">com.QaLegandProject.scripts.CustomerTest#verifyingpictureUpload</h3><table class="result"><tr><th>Exception</th></tr><tr><td><div class="stacktrace">java.lang.AssertionError: expected [true] but found [false]
	at com.QaLegandProject.scripts.CustomerTest.verifyingpictureUpload(CustomerTest.java:81)
	at java.base/java.util.ArrayList.forEach(ArrayList.java:1511)
... Removed 29 stack frames</div></td></tr></table><p class="totop"><a href="#summary">back to summary</a></p>
<h3 id="m6">com.QaLegandProject.scripts.CustomerTest#verifyingpictureUpload</h3><table class="result"><tr><th>Exception</th></tr><tr><td><div class="stacktrace">java.lang.AssertionError: expected [true] but found [false]
	at com.QaLegandProject.scripts.CustomerTest.verifyingpictureUpload(CustomerTest.java:81)
	at java.base/java.util.ArrayList.forEach(ArrayList.java:1511)
... Removed 29 stack frames</div></td></tr></table><p class="totop"><a href="#summary">back to summary</a></p>
<h3 id="m7">com.QaLegandProject.scripts.CustomerTest#verifyingpictureUpload</h3><table class="result"><tr><th>Exception</th></tr><tr><td><div class="stacktrace">java.lang.AssertionError: expected [true] but found [false]
	at com.QaLegandProject.scripts.CustomerTest.verifyingpictureUpload(CustomerTest.java:81)
	at java.base/java.util.ArrayList.forEach(ArrayList.java:1511)
... Removed 29 stack frames</div></td></tr></table><p class="totop"><a href="#summary">back to summary</a></p>
<h3 id="m8">com.QaLegandProject.scripts.CustomerTest#checkcalender</h3><table class="result"><tr><th class="invisible"/></tr></table><p class="totop"><a href="#summary">back to summary</a></p>
<h3 id="m9">com.QaLegandProject.scripts.CustomerTest#deleteselectedrow</h3><table class="result"><tr><th class="invisible"/></tr></table><p class="totop"><a href="#summary">back to summary</a></p>
<h3 id="m10">com.QaLegandProject.scripts.CustomerTest#verifyingClientAddition</h3><table class="result"><tr><th class="invisible"/></tr></table><p class="totop"><a href="#summary">back to summary</a></p>
<h3 id="m11">com.QaLegandProject.scripts.CustomerTest#verifyingPageNavigation</h3><table class="result"><tr><th class="invisible"/></tr></table><p class="totop"><a href="#summary">back to summary</a></p>
<h3 id="m12">com.QaLegandProject.scripts.CustomerTest#verifyingShowEntries</h3><table class="result"><tr><th class="invisible"/></tr></table><p class="totop"><a href="#summary">back to summary</a></p>
<h3 id="m13">com.QaLegandProject.scripts.HomeTest#verifyingClientMoreInfoButton</h3><table class="result"><tr><th class="invisible"/></tr></table><p class="totop"><a href="#summary">back to summary</a></p>
<h3 id="m14">com.QaLegandProject.scripts.LoginTest#verifySignIninvalidUserinvalidPassword</h3><table class="result"><tr class="param"><th>Parameter #1</th><th>Parameter #2</th></tr><tr class="param stripe"><td>manage@admin.com</td><td>pass1</td></tr></table><p class="totop"><a href="#summary">back to summary</a></p>
<h3 id="m15">com.QaLegandProject.scripts.LoginTest#verifySignIninvalidUservalidPassword</h3><table class="result"><tr class="param"><th>Parameter #1</th><th>Parameter #2</th></tr><tr class="param stripe"><td>legand@admin.com</td><td>password</td></tr></table><p class="totop"><a href="#summary">back to summary</a></p>
<h3 id="m16">com.QaLegandProject.scripts.LoginTest#verifySignInvalidUserinvalidPassword</h3><table class="result"><tr class="param"><th>Parameter #1</th><th>Parameter #2</th></tr><tr class="param stripe"><td>admin@admin.com</td><td>pass</td></tr></table><p class="totop"><a href="#summary">back to summary</a></p>
<h3 id="m17">com.QaLegandProject.scripts.LoginTest#verifySignInvalidUservalidPassword</h3><table class="result"><tr class="param"><th>Parameter #1</th><th>Parameter #2</th></tr><tr class="param stripe"><td>admin@admin.com</td><td>password</td></tr></table><p class="totop"><a href="#summary">back to summary</a></p>
</body>
</html>
